Determining if the system is big endian passed with the following output:
Change Dir: /home/jbroc14/Programming/C++/Allegro/allegro_lib/CMakeFiles/CMakeTmp

Run Build Command:"/usr/bin/make" "cmTC_cea00/fast"
/usr/bin/make -f CMakeFiles/cmTC_cea00.dir/build.make CMakeFiles/cmTC_cea00.dir/build
make[1]: Entering directory '/home/jbroc14/Programming/C++/Allegro/allegro_lib/CMakeFiles/CMakeTmp'
Building C object CMakeFiles/cmTC_cea00.dir/TestEndianess.c.o
/usr/bin/cc    -msse -W -Wall -Wpointer-arith -Wmissing-declarations -Wstrict-prototypes -Wmissing-prototypes    -o CMakeFiles/cmTC_cea00.dir/TestEndianess.c.o   -c /home/jbroc14/Programming/C++/Allegro/allegro_lib/CMakeFiles/CMakeTmp/TestEndianess.c
Linking C executable cmTC_cea00
/usr/bin/cmake -E cmake_link_script CMakeFiles/cmTC_cea00.dir/link.txt --verbose=1
/usr/bin/cc   -msse -W -Wall -Wpointer-arith -Wmissing-declarations -Wstrict-prototypes -Wmissing-prototypes     CMakeFiles/cmTC_cea00.dir/TestEndianess.c.o  -o cmTC_cea00 -rdynamic 
make[1]: Leaving directory '/home/jbroc14/Programming/C++/Allegro/allegro_lib/CMakeFiles/CMakeTmp'

TestEndianess.c:
/* A 16 bit integer is required. */
typedef unsigned short cmakeint16;

/* On a little endian machine, these 16bit ints will give "THIS IS LITTLE ENDIAN."
   On a big endian machine the characters will be exchanged pairwise. */
const cmakeint16 info_little[] =  {0x4854, 0x5349, 0x4920, 0x2053, 0x494c, 0x5454, 0x454c, 0x4520, 0x444e, 0x4149, 0x2e4e, 0x0000};

/* on a big endian machine, these 16bit ints will give "THIS IS BIG ENDIAN."
   On a little endian machine the characters will be exchanged pairwise. */
const cmakeint16 info_big[] =     {0x5448, 0x4953, 0x2049, 0x5320, 0x4249, 0x4720, 0x454e, 0x4449, 0x414e, 0x2e2e, 0x0000};

#ifdef __CLASSIC_C__
int main(argc, argv) int argc; char *argv[];
#else
int main(int argc, char *argv[])
#endif
{
  int require = 0;
  require += info_little[argc];
  require += info_big[argc];
  (void)argv;
  return require;
}


Determining if files soundcard.h exist failed with the following output:
Change Dir: /home/jbroc14/Programming/C++/Allegro/allegro_lib/CMakeFiles/CMakeTmp

Run Build Command:"/usr/bin/make" "cmTC_a3cfc/fast"
/usr/bin/make -f CMakeFiles/cmTC_a3cfc.dir/build.make CMakeFiles/cmTC_a3cfc.dir/build
make[1]: Entering directory '/home/jbroc14/Programming/C++/Allegro/allegro_lib/CMakeFiles/CMakeTmp'
Building C object CMakeFiles/cmTC_a3cfc.dir/CheckIncludeFiles.c.o
/usr/bin/cc    -msse -W -Wall -Wpointer-arith -Wmissing-declarations -Wstrict-prototypes -Wmissing-prototypes    -o CMakeFiles/cmTC_a3cfc.dir/CheckIncludeFiles.c.o   -c /home/jbroc14/Programming/C++/Allegro/allegro_lib/CMakeFiles/CMakeTmp/CheckIncludeFiles.c
/home/jbroc14/Programming/C++/Allegro/allegro_lib/CMakeFiles/CMakeTmp/CheckIncludeFiles.c:2:23: fatal error: soundcard.h: No such file or directory
compilation terminated.
CMakeFiles/cmTC_a3cfc.dir/build.make:65: recipe for target 'CMakeFiles/cmTC_a3cfc.dir/CheckIncludeFiles.c.o' failed
make[1]: *** [CMakeFiles/cmTC_a3cfc.dir/CheckIncludeFiles.c.o] Error 1
make[1]: Leaving directory '/home/jbroc14/Programming/C++/Allegro/allegro_lib/CMakeFiles/CMakeTmp'
Makefile:126: recipe for target 'cmTC_a3cfc/fast' failed
make: *** [cmTC_a3cfc/fast] Error 2

Source:
/* */
#include <soundcard.h>


int main(void){return 0;}

Determining if files machine/soundcard.h exist failed with the following output:
Change Dir: /home/jbroc14/Programming/C++/Allegro/allegro_lib/CMakeFiles/CMakeTmp

Run Build Command:"/usr/bin/make" "cmTC_5a7d0/fast"
/usr/bin/make -f CMakeFiles/cmTC_5a7d0.dir/build.make CMakeFiles/cmTC_5a7d0.dir/build
make[1]: Entering directory '/home/jbroc14/Programming/C++/Allegro/allegro_lib/CMakeFiles/CMakeTmp'
Building C object CMakeFiles/cmTC_5a7d0.dir/CheckIncludeFiles.c.o
/usr/bin/cc    -msse -W -Wall -Wpointer-arith -Wmissing-declarations -Wstrict-prototypes -Wmissing-prototypes    -o CMakeFiles/cmTC_5a7d0.dir/CheckIncludeFiles.c.o   -c /home/jbroc14/Programming/C++/Allegro/allegro_lib/CMakeFiles/CMakeTmp/CheckIncludeFiles.c
/home/jbroc14/Programming/C++/Allegro/allegro_lib/CMakeFiles/CMakeTmp/CheckIncludeFiles.c:2:31: fatal error: machine/soundcard.h: No such file or directory
compilation terminated.
CMakeFiles/cmTC_5a7d0.dir/build.make:65: recipe for target 'CMakeFiles/cmTC_5a7d0.dir/CheckIncludeFiles.c.o' failed
make[1]: *** [CMakeFiles/cmTC_5a7d0.dir/CheckIncludeFiles.c.o] Error 1
make[1]: Leaving directory '/home/jbroc14/Programming/C++/Allegro/allegro_lib/CMakeFiles/CMakeTmp'
Makefile:126: recipe for target 'cmTC_5a7d0/fast' failed
make: *** [cmTC_5a7d0/fast] Error 2

Source:
/* */
#include <machine/soundcard.h>


int main(void){return 0;}

Determining if files libkern/OSAtomic.h exist failed with the following output:
Change Dir: /home/jbroc14/Programming/C++/Allegro/allegro_lib/CMakeFiles/CMakeTmp

Run Build Command:"/usr/bin/make" "cmTC_8045f/fast"
/usr/bin/make -f CMakeFiles/cmTC_8045f.dir/build.make CMakeFiles/cmTC_8045f.dir/build
make[1]: Entering directory '/home/jbroc14/Programming/C++/Allegro/allegro_lib/CMakeFiles/CMakeTmp'
Building C object CMakeFiles/cmTC_8045f.dir/CheckIncludeFiles.c.o
/usr/bin/cc    -msse -W -Wall -Wpointer-arith -Wmissing-declarations -Wstrict-prototypes -Wmissing-prototypes    -o CMakeFiles/cmTC_8045f.dir/CheckIncludeFiles.c.o   -c /home/jbroc14/Programming/C++/Allegro/allegro_lib/CMakeFiles/CMakeTmp/CheckIncludeFiles.c
/home/jbroc14/Programming/C++/Allegro/allegro_lib/CMakeFiles/CMakeTmp/CheckIncludeFiles.c:2:30: fatal error: libkern/OSAtomic.h: No such file or directory
compilation terminated.
CMakeFiles/cmTC_8045f.dir/build.make:65: recipe for target 'CMakeFiles/cmTC_8045f.dir/CheckIncludeFiles.c.o' failed
make[1]: *** [CMakeFiles/cmTC_8045f.dir/CheckIncludeFiles.c.o] Error 1
make[1]: Leaving directory '/home/jbroc14/Programming/C++/Allegro/allegro_lib/CMakeFiles/CMakeTmp'
Makefile:126: recipe for target 'cmTC_8045f/fast' failed
make: *** [cmTC_8045f/fast] Error 2

Source:
/* */
#include <libkern/OSAtomic.h>


int main(void){return 0;}

Determining if files sal.h exist failed with the following output:
Change Dir: /home/jbroc14/Programming/C++/Allegro/allegro_lib/CMakeFiles/CMakeTmp

Run Build Command:"/usr/bin/make" "cmTC_9c566/fast"
/usr/bin/make -f CMakeFiles/cmTC_9c566.dir/build.make CMakeFiles/cmTC_9c566.dir/build
make[1]: Entering directory '/home/jbroc14/Programming/C++/Allegro/allegro_lib/CMakeFiles/CMakeTmp'
Building C object CMakeFiles/cmTC_9c566.dir/CheckIncludeFiles.c.o
/usr/bin/cc    -msse -W -Wall -Wpointer-arith -Wmissing-declarations -Wstrict-prototypes -Wmissing-prototypes    -o CMakeFiles/cmTC_9c566.dir/CheckIncludeFiles.c.o   -c /home/jbroc14/Programming/C++/Allegro/allegro_lib/CMakeFiles/CMakeTmp/CheckIncludeFiles.c
/home/jbroc14/Programming/C++/Allegro/allegro_lib/CMakeFiles/CMakeTmp/CheckIncludeFiles.c:2:17: fatal error: sal.h: No such file or directory
compilation terminated.
CMakeFiles/cmTC_9c566.dir/build.make:65: recipe for target 'CMakeFiles/cmTC_9c566.dir/CheckIncludeFiles.c.o' failed
make[1]: *** [CMakeFiles/cmTC_9c566.dir/CheckIncludeFiles.c.o] Error 1
make[1]: Leaving directory '/home/jbroc14/Programming/C++/Allegro/allegro_lib/CMakeFiles/CMakeTmp'
Makefile:126: recipe for target 'cmTC_9c566/fast' failed
make: *** [cmTC_9c566/fast] Error 2

Source:
/* */
#include <sal.h>


int main(void){return 0;}

Determining if the function getexecname exists failed with the following output:
Change Dir: /home/jbroc14/Programming/C++/Allegro/allegro_lib/CMakeFiles/CMakeTmp

Run Build Command:"/usr/bin/make" "cmTC_77926/fast"
/usr/bin/make -f CMakeFiles/cmTC_77926.dir/build.make CMakeFiles/cmTC_77926.dir/build
make[1]: Entering directory '/home/jbroc14/Programming/C++/Allegro/allegro_lib/CMakeFiles/CMakeTmp'
Building C object CMakeFiles/cmTC_77926.dir/CheckFunctionExists.c.o
/usr/bin/cc    -msse -W -Wall -Wpointer-arith -Wmissing-declarations -Wstrict-prototypes -Wmissing-prototypes -DCHECK_FUNCTION_EXISTS=getexecname   -o CMakeFiles/cmTC_77926.dir/CheckFunctionExists.c.o   -c /usr/share/cmake-3.5/Modules/CheckFunctionExists.c
/usr/share/cmake-3.5/Modules/CheckFunctionExists.c:6:1: warning: function declaration isn’t a prototype [-Wstrict-prototypes]
 char CHECK_FUNCTION_EXISTS();
 ^
Linking C executable cmTC_77926
/usr/bin/cmake -E cmake_link_script CMakeFiles/cmTC_77926.dir/link.txt --verbose=1
/usr/bin/cc   -msse -W -Wall -Wpointer-arith -Wmissing-declarations -Wstrict-prototypes -Wmissing-prototypes -DCHECK_FUNCTION_EXISTS=getexecname    CMakeFiles/cmTC_77926.dir/CheckFunctionExists.c.o  -o cmTC_77926 -rdynamic 
CMakeFiles/cmTC_77926.dir/CheckFunctionExists.c.o: In function `main':
CheckFunctionExists.c:(.text+0x15): undefined reference to `getexecname'
collect2: error: ld returned 1 exit status
CMakeFiles/cmTC_77926.dir/build.make:97: recipe for target 'cmTC_77926' failed
make[1]: *** [cmTC_77926] Error 1
make[1]: Leaving directory '/home/jbroc14/Programming/C++/Allegro/allegro_lib/CMakeFiles/CMakeTmp'
Makefile:126: recipe for target 'cmTC_77926/fast' failed
make: *** [cmTC_77926/fast] Error 2


Determining if the function strerror_s exists failed with the following output:
Change Dir: /home/jbroc14/Programming/C++/Allegro/allegro_lib/CMakeFiles/CMakeTmp

Run Build Command:"/usr/bin/make" "cmTC_3a18f/fast"
/usr/bin/make -f CMakeFiles/cmTC_3a18f.dir/build.make CMakeFiles/cmTC_3a18f.dir/build
make[1]: Entering directory '/home/jbroc14/Programming/C++/Allegro/allegro_lib/CMakeFiles/CMakeTmp'
Building C object CMakeFiles/cmTC_3a18f.dir/CheckFunctionExists.c.o
/usr/bin/cc    -msse -W -Wall -Wpointer-arith -Wmissing-declarations -Wstrict-prototypes -Wmissing-prototypes -DCHECK_FUNCTION_EXISTS=strerror_s   -o CMakeFiles/cmTC_3a18f.dir/CheckFunctionExists.c.o   -c /usr/share/cmake-3.5/Modules/CheckFunctionExists.c
/usr/share/cmake-3.5/Modules/CheckFunctionExists.c:6:1: warning: function declaration isn’t a prototype [-Wstrict-prototypes]
 char CHECK_FUNCTION_EXISTS();
 ^
Linking C executable cmTC_3a18f
/usr/bin/cmake -E cmake_link_script CMakeFiles/cmTC_3a18f.dir/link.txt --verbose=1
/usr/bin/cc   -msse -W -Wall -Wpointer-arith -Wmissing-declarations -Wstrict-prototypes -Wmissing-prototypes -DCHECK_FUNCTION_EXISTS=strerror_s    CMakeFiles/cmTC_3a18f.dir/CheckFunctionExists.c.o  -o cmTC_3a18f -rdynamic 
CMakeFiles/cmTC_3a18f.dir/CheckFunctionExists.c.o: In function `main':
CheckFunctionExists.c:(.text+0x15): undefined reference to `strerror_s'
collect2: error: ld returned 1 exit status
CMakeFiles/cmTC_3a18f.dir/build.make:97: recipe for target 'cmTC_3a18f' failed
make[1]: *** [cmTC_3a18f] Error 1
make[1]: Leaving directory '/home/jbroc14/Programming/C++/Allegro/allegro_lib/CMakeFiles/CMakeTmp'
Makefile:126: recipe for target 'cmTC_3a18f/fast' failed
make: *** [cmTC_3a18f/fast] Error 2


Performing C SOURCE FILE Test ALLEGRO_HAVE_PROCFS_ARGCV failed with the following output:
Change Dir: /home/jbroc14/Programming/C++/Allegro/allegro_lib/CMakeFiles/CMakeTmp

Run Build Command:"/usr/bin/make" "cmTC_52bbb/fast"
/usr/bin/make -f CMakeFiles/cmTC_52bbb.dir/build.make CMakeFiles/cmTC_52bbb.dir/build
make[1]: Entering directory '/home/jbroc14/Programming/C++/Allegro/allegro_lib/CMakeFiles/CMakeTmp'
Building C object CMakeFiles/cmTC_52bbb.dir/src.c.o
/usr/bin/cc    -msse -W -Wall -Wpointer-arith -Wmissing-declarations -Wstrict-prototypes -Wmissing-prototypes -DALLEGRO_HAVE_PROCFS_ARGCV   -o CMakeFiles/cmTC_52bbb.dir/src.c.o   -c /home/jbroc14/Programming/C++/Allegro/allegro_lib/CMakeFiles/CMakeTmp/src.c
/home/jbroc14/Programming/C++/Allegro/allegro_lib/CMakeFiles/CMakeTmp/src.c: In function ‘main’:
/home/jbroc14/Programming/C++/Allegro/allegro_lib/CMakeFiles/CMakeTmp/src.c:4:25: error: storage size of ‘psinfo’ isn’t known
         struct prpsinfo psinfo;
                         ^
/home/jbroc14/Programming/C++/Allegro/allegro_lib/CMakeFiles/CMakeTmp/src.c:4:25: warning: unused variable ‘psinfo’ [-Wunused-variable]
CMakeFiles/cmTC_52bbb.dir/build.make:65: recipe for target 'CMakeFiles/cmTC_52bbb.dir/src.c.o' failed
make[1]: *** [CMakeFiles/cmTC_52bbb.dir/src.c.o] Error 1
make[1]: Leaving directory '/home/jbroc14/Programming/C++/Allegro/allegro_lib/CMakeFiles/CMakeTmp'
Makefile:126: recipe for target 'cmTC_52bbb/fast' failed
make: *** [cmTC_52bbb/fast] Error 2

Source file was:

    #include <sys/procfs.h>
    int main(void) {
        struct prpsinfo psinfo;
        psinfo.pr_argc = 0;
        return 0;
    }
Performing C SOURCE FILE Test ALLEGRO_HAVE_SV_PROCFS_H failed with the following output:
Change Dir: /home/jbroc14/Programming/C++/Allegro/allegro_lib/CMakeFiles/CMakeTmp

Run Build Command:"/usr/bin/make" "cmTC_ea56c/fast"
/usr/bin/make -f CMakeFiles/cmTC_ea56c.dir/build.make CMakeFiles/cmTC_ea56c.dir/build
make[1]: Entering directory '/home/jbroc14/Programming/C++/Allegro/allegro_lib/CMakeFiles/CMakeTmp'
Building C object CMakeFiles/cmTC_ea56c.dir/src.c.o
/usr/bin/cc    -msse -W -Wall -Wpointer-arith -Wmissing-declarations -Wstrict-prototypes -Wmissing-prototypes -DALLEGRO_HAVE_SV_PROCFS_H   -o CMakeFiles/cmTC_ea56c.dir/src.c.o   -c /home/jbroc14/Programming/C++/Allegro/allegro_lib/CMakeFiles/CMakeTmp/src.c
/home/jbroc14/Programming/C++/Allegro/allegro_lib/CMakeFiles/CMakeTmp/src.c: In function ‘main’:
/home/jbroc14/Programming/C++/Allegro/allegro_lib/CMakeFiles/CMakeTmp/src.c:5:25: error: storage size of ‘psinfo’ isn’t known
         struct prpsinfo psinfo;
                         ^
/home/jbroc14/Programming/C++/Allegro/allegro_lib/CMakeFiles/CMakeTmp/src.c:6:18: error: ‘PIOCPSINFO’ undeclared (first use in this function)
         ioctl(0, PIOCPSINFO, &psinfo);
                  ^
/home/jbroc14/Programming/C++/Allegro/allegro_lib/CMakeFiles/CMakeTmp/src.c:6:18: note: each undeclared identifier is reported only once for each function it appears in
/home/jbroc14/Programming/C++/Allegro/allegro_lib/CMakeFiles/CMakeTmp/src.c:5:25: warning: unused variable ‘psinfo’ [-Wunused-variable]
         struct prpsinfo psinfo;
                         ^
CMakeFiles/cmTC_ea56c.dir/build.make:65: recipe for target 'CMakeFiles/cmTC_ea56c.dir/src.c.o' failed
make[1]: *** [CMakeFiles/cmTC_ea56c.dir/src.c.o] Error 1
make[1]: Leaving directory '/home/jbroc14/Programming/C++/Allegro/allegro_lib/CMakeFiles/CMakeTmp'
Makefile:126: recipe for target 'cmTC_ea56c/fast' failed
make: *** [cmTC_ea56c/fast] Error 2

Source file was:

    #include <sys/procfs.h>
    #include <sys/ioctl.h>
    int main(void) {
        struct prpsinfo psinfo;
        ioctl(0, PIOCPSINFO, &psinfo);
        return 0;
    }
Determining if the pthread_create exist failed with the following output:
Change Dir: /home/jbroc14/Programming/C++/Allegro/allegro_lib/CMakeFiles/CMakeTmp

Run Build Command:"/usr/bin/make" "cmTC_96151/fast"
/usr/bin/make -f CMakeFiles/cmTC_96151.dir/build.make CMakeFiles/cmTC_96151.dir/build
make[1]: Entering directory '/home/jbroc14/Programming/C++/Allegro/allegro_lib/CMakeFiles/CMakeTmp'
Building C object CMakeFiles/cmTC_96151.dir/CheckSymbolExists.c.o
/usr/bin/cc    -msse -W -Wall -Wpointer-arith -Wmissing-declarations -Wstrict-prototypes -Wmissing-prototypes    -o CMakeFiles/cmTC_96151.dir/CheckSymbolExists.c.o   -c /home/jbroc14/Programming/C++/Allegro/allegro_lib/CMakeFiles/CMakeTmp/CheckSymbolExists.c
Linking C executable cmTC_96151
/usr/bin/cmake -E cmake_link_script CMakeFiles/cmTC_96151.dir/link.txt --verbose=1
/usr/bin/cc   -msse -W -Wall -Wpointer-arith -Wmissing-declarations -Wstrict-prototypes -Wmissing-prototypes     CMakeFiles/cmTC_96151.dir/CheckSymbolExists.c.o  -o cmTC_96151 -rdynamic 
CMakeFiles/cmTC_96151.dir/CheckSymbolExists.c.o: In function `main':
CheckSymbolExists.c:(.text+0x16): undefined reference to `pthread_create'
collect2: error: ld returned 1 exit status
CMakeFiles/cmTC_96151.dir/build.make:97: recipe for target 'cmTC_96151' failed
make[1]: *** [cmTC_96151] Error 1
make[1]: Leaving directory '/home/jbroc14/Programming/C++/Allegro/allegro_lib/CMakeFiles/CMakeTmp'
Makefile:126: recipe for target 'cmTC_96151/fast' failed
make: *** [cmTC_96151/fast] Error 2

File /home/jbroc14/Programming/C++/Allegro/allegro_lib/CMakeFiles/CMakeTmp/CheckSymbolExists.c:
/* */
#include <pthread.h>

int main(int argc, char** argv)
{
  (void)argv;
#ifndef pthread_create
  return ((int*)(&pthread_create))[argc];
#else
  (void)argc;
  return 0;
#endif
}

Determining if the function pthread_create exists in the pthreads failed with the following output:
Change Dir: /home/jbroc14/Programming/C++/Allegro/allegro_lib/CMakeFiles/CMakeTmp

Run Build Command:"/usr/bin/make" "cmTC_ddf0a/fast"
/usr/bin/make -f CMakeFiles/cmTC_ddf0a.dir/build.make CMakeFiles/cmTC_ddf0a.dir/build
make[1]: Entering directory '/home/jbroc14/Programming/C++/Allegro/allegro_lib/CMakeFiles/CMakeTmp'
Building C object CMakeFiles/cmTC_ddf0a.dir/CheckFunctionExists.c.o
/usr/bin/cc    -msse -W -Wall -Wpointer-arith -Wmissing-declarations -Wstrict-prototypes -Wmissing-prototypes -DCHECK_FUNCTION_EXISTS=pthread_create   -o CMakeFiles/cmTC_ddf0a.dir/CheckFunctionExists.c.o   -c /usr/share/cmake-3.5/Modules/CheckFunctionExists.c
/usr/share/cmake-3.5/Modules/CheckFunctionExists.c:6:1: warning: function declaration isn’t a prototype [-Wstrict-prototypes]
 char CHECK_FUNCTION_EXISTS();
 ^
Linking C executable cmTC_ddf0a
/usr/bin/cmake -E cmake_link_script CMakeFiles/cmTC_ddf0a.dir/link.txt --verbose=1
/usr/bin/cc   -msse -W -Wall -Wpointer-arith -Wmissing-declarations -Wstrict-prototypes -Wmissing-prototypes -DCHECK_FUNCTION_EXISTS=pthread_create    CMakeFiles/cmTC_ddf0a.dir/CheckFunctionExists.c.o  -o cmTC_ddf0a -rdynamic -lpthreads 
/usr/bin/ld: cannot find -lpthreads
collect2: error: ld returned 1 exit status
CMakeFiles/cmTC_ddf0a.dir/build.make:97: recipe for target 'cmTC_ddf0a' failed
make[1]: *** [cmTC_ddf0a] Error 1
make[1]: Leaving directory '/home/jbroc14/Programming/C++/Allegro/allegro_lib/CMakeFiles/CMakeTmp'
Makefile:126: recipe for target 'cmTC_ddf0a/fast' failed
make: *** [cmTC_ddf0a/fast] Error 2


Determining if the include file X11/extensions/xf86vmode.h exists failed with the following output:
Change Dir: /home/jbroc14/Programming/C++/Allegro/allegro_lib/CMakeFiles/CMakeTmp

Run Build Command:"/usr/bin/make" "cmTC_13464/fast"
/usr/bin/make -f CMakeFiles/cmTC_13464.dir/build.make CMakeFiles/cmTC_13464.dir/build
make[1]: Entering directory '/home/jbroc14/Programming/C++/Allegro/allegro_lib/CMakeFiles/CMakeTmp'
Building C object CMakeFiles/cmTC_13464.dir/CheckIncludeFile.c.o
/usr/bin/cc    -msse -W -Wall -Wpointer-arith -Wmissing-declarations -Wstrict-prototypes -Wmissing-prototypes    -o CMakeFiles/cmTC_13464.dir/CheckIncludeFile.c.o   -c /home/jbroc14/Programming/C++/Allegro/allegro_lib/CMakeFiles/CMakeTmp/CheckIncludeFile.c
In file included from /home/jbroc14/Programming/C++/Allegro/allegro_lib/CMakeFiles/CMakeTmp/CheckIncludeFile.c:1:0:
/usr/include/X11/extensions/xf86vmode.h:127:5: error: unknown type name ‘Bool’
     Bool send_event;  /* true if this came from a SendEvent req */
     ^
/usr/include/X11/extensions/xf86vmode.h:128:5: error: unknown type name ‘Display’
     Display *display;  /* Display the event was read from */
     ^
/usr/include/X11/extensions/xf86vmode.h:129:5: error: unknown type name ‘Window’
     Window root;  /* root window of event screen */
     ^
/usr/include/X11/extensions/xf86vmode.h:132:5: error: unknown type name ‘Bool’
     Bool forced;  /* extents of new region */
     ^
/usr/include/X11/extensions/xf86vmode.h:133:5: error: unknown type name ‘Time’
     Time time;   /* event timestamp */
     ^
/usr/include/X11/extensions/xf86vmode.h:150:1: error: unknown type name ‘Bool’
 Bool XF86VidModeQueryVersion(
 ^
/usr/include/X11/extensions/xf86vmode.h:151:5: error: unknown type name ‘Display’
     Display*  /* dpy */,
     ^
/usr/include/X11/extensions/xf86vmode.h:156:1: error: unknown type name ‘Bool’
 Bool XF86VidModeQueryExtension(
 ^
/usr/include/X11/extensions/xf86vmode.h:157:5: error: unknown type name ‘Display’
     Display*  /* dpy */,
     ^
/usr/include/X11/extensions/xf86vmode.h:162:1: error: unknown type name ‘Bool’
 Bool XF86VidModeSetClientVersion(
 ^
/usr/include/X11/extensions/xf86vmode.h:163:5: error: unknown type name ‘Display’
     Display*  /* dpy */
     ^
/usr/include/X11/extensions/xf86vmode.h:166:1: error: unknown type name ‘Bool’
 Bool XF86VidModeGetModeLine(
 ^
/usr/include/X11/extensions/xf86vmode.h:167:5: error: unknown type name ‘Display’
     Display*   /* dpy */,
     ^
/usr/include/X11/extensions/xf86vmode.h:173:1: error: unknown type name ‘Bool’
 Bool XF86VidModeGetAllModeLines(
 ^
/usr/include/X11/extensions/xf86vmode.h:174:5: error: unknown type name ‘Display’
     Display*   /* dpy */,
     ^
/usr/include/X11/extensions/xf86vmode.h:180:1: error: unknown type name ‘Bool’
 Bool XF86VidModeAddModeLine(
 ^
/usr/include/X11/extensions/xf86vmode.h:181:5: error: unknown type name ‘Display’
     Display*   /* dpy */,
     ^
/usr/include/X11/extensions/xf86vmode.h:187:1: error: unknown type name ‘Bool’
 Bool XF86VidModeDeleteModeLine(
 ^
/usr/include/X11/extensions/xf86vmode.h:188:5: error: unknown type name ‘Display’
     Display*   /* dpy */,
     ^
/usr/include/X11/extensions/xf86vmode.h:193:1: error: unknown type name ‘Bool’
 Bool XF86VidModeModModeLine(
 ^
/usr/include/X11/extensions/xf86vmode.h:194:5: error: unknown type name ‘Display’
     Display*   /* dpy */,
     ^
/usr/include/X11/extensions/xf86vmode.h:199:1: error: unknown type name ‘Status’
 Status XF86VidModeValidateModeLine(
 ^
/usr/include/X11/extensions/xf86vmode.h:200:5: error: unknown type name ‘Display’
     Display*   /* dpy */,
     ^
/usr/include/X11/extensions/xf86vmode.h:205:1: error: unknown type name ‘Bool’
 Bool XF86VidModeSwitchMode(
 ^
/usr/include/X11/extensions/xf86vmode.h:206:5: error: unknown type name ‘Display’
     Display*  /* dpy */,
     ^
/usr/include/X11/extensions/xf86vmode.h:211:1: error: unknown type name ‘Bool’
 Bool XF86VidModeSwitchToMode(
 ^
/usr/include/X11/extensions/xf86vmode.h:212:5: error: unknown type name ‘Display’
     Display*   /* dpy */,
     ^
/usr/include/X11/extensions/xf86vmode.h:217:1: error: unknown type name ‘Bool’
 Bool XF86VidModeLockModeSwitch(
 ^
/usr/include/X11/extensions/xf86vmode.h:218:5: error: unknown type name ‘Display’
     Display*  /* dpy */,
     ^
/usr/include/X11/extensions/xf86vmode.h:223:1: error: unknown type name ‘Bool’
 Bool XF86VidModeGetMonitor(
 ^
/usr/include/X11/extensions/xf86vmode.h:224:5: error: unknown type name ‘Display’
     Display*  /* dpy */,
     ^
/usr/include/X11/extensions/xf86vmode.h:229:1: error: unknown type name ‘Bool’
 Bool XF86VidModeGetViewPort(
 ^
/usr/include/X11/extensions/xf86vmode.h:230:5: error: unknown type name ‘Display’
     Display*  /* dpy */,
     ^
/usr/include/X11/extensions/xf86vmode.h:236:1: error: unknown type name ‘Bool’
 Bool XF86VidModeSetViewPort(
 ^
/usr/include/X11/extensions/xf86vmode.h:237:5: error: unknown type name ‘Display’
     Display*  /* dpy */,
     ^
/usr/include/X11/extensions/xf86vmode.h:243:1: error: unknown type name ‘Bool’
 Bool XF86VidModeGetDotClocks(
 ^
/usr/include/X11/extensions/xf86vmode.h:244:5: error: unknown type name ‘Display’
     Display*  /* dpy */,
     ^
/usr/include/X11/extensions/xf86vmode.h:252:1: error: unknown type name ‘Bool’
 Bool XF86VidModeGetGamma(
 ^
/usr/include/X11/extensions/xf86vmode.h:253:5: error: unknown type name ‘Display’
     Display*   /* dpy */,
     ^
/usr/include/X11/extensions/xf86vmode.h:258:1: error: unknown type name ‘Bool’
 Bool XF86VidModeSetGamma(
 ^
/usr/include/X11/extensions/xf86vmode.h:259:5: error: unknown type name ‘Display’
     Display*   /* dpy */,
     ^
/usr/include/X11/extensions/xf86vmode.h:264:1: error: unknown type name ‘Bool’
 Bool XF86VidModeSetGammaRamp(
 ^
/usr/include/X11/extensions/xf86vmode.h:265:5: error: unknown type name ‘Display’
     Display*                    /* dpy */,
     ^
/usr/include/X11/extensions/xf86vmode.h:273:1: error: unknown type name ‘Bool’
 Bool XF86VidModeGetGammaRamp(
 ^
/usr/include/X11/extensions/xf86vmode.h:274:5: error: unknown type name ‘Display’
     Display*                    /* dpy */,
     ^
/usr/include/X11/extensions/xf86vmode.h:282:1: error: unknown type name ‘Bool’
 Bool XF86VidModeGetGammaRampSize(
 ^
/usr/include/X11/extensions/xf86vmode.h:283:5: error: unknown type name ‘Display’
     Display*                    /* dpy */,
     ^
/usr/include/X11/extensions/xf86vmode.h:288:1: error: unknown type name ‘Bool’
 Bool XF86VidModeGetPermissions(
 ^
/usr/include/X11/extensions/xf86vmode.h:289:5: error: unknown type name ‘Display’
     Display*                    /* dpy */,
     ^
CMakeFiles/cmTC_13464.dir/build.make:65: recipe for target 'CMakeFiles/cmTC_13464.dir/CheckIncludeFile.c.o' failed
make[1]: *** [CMakeFiles/cmTC_13464.dir/CheckIncludeFile.c.o] Error 1
make[1]: Leaving directory '/home/jbroc14/Programming/C++/Allegro/allegro_lib/CMakeFiles/CMakeTmp'
Makefile:126: recipe for target 'cmTC_13464/fast' failed
make: *** [cmTC_13464/fast] Error 2


